0 info it worked if it ends with ok
1 verbose cli [ '/usr/local/Cellar/node/5.4.0/bin/node',
1 verbose cli   '/usr/local/bin/npm',
1 verbose cli   'run',
1 verbose cli   'start' ]
2 info using npm@3.3.12
3 info using node@v5.4.0
4 verbose run-script [ 'prestart', 'start', 'poststart' ]
5 info lifecycle elm-webpack-starter@0.4.1~prestart: elm-webpack-starter@0.4.1
6 silly lifecycle elm-webpack-starter@0.4.1~prestart: no script for prestart, continuing
7 info lifecycle elm-webpack-starter@0.4.1~start: elm-webpack-starter@0.4.1
8 verbose lifecycle elm-webpack-starter@0.4.1~start: unsafe-perm in lifecycle true
9 verbose lifecycle elm-webpack-starter@0.4.1~start: PATH: /usr/local/lib/node_modules/npm/bin/node-gyp-bin:/Users/nachogutierrez/Projects/front-vientus/node_modules/.bin:/usr/local/heroku/bin:./bin:/usr/local/bin:/usr/local/sbin:/Users/nachogutierrez/.dotfiles/bin:/Users/nachogutierrez/.rbenv/shims:/usr/local/bin:/usr/bin:/bin:/usr/sbin:/sbin
10 verbose lifecycle elm-webpack-starter@0.4.1~start: CWD: /Users/nachogutierrez/Projects/front-vientus
11 silly lifecycle elm-webpack-starter@0.4.1~start: Args: [ '-c',
11 silly lifecycle   'webpack-dev-server --hot --inline --content-base src/' ]
12 silly lifecycle elm-webpack-starter@0.4.1~start: Returned: code: 1  signal: null
13 info lifecycle elm-webpack-starter@0.4.1~start: Failed to exec start script
14 verbose stack Error: elm-webpack-starter@0.4.1 start: `webpack-dev-server --hot --inline --content-base src/`
14 verbose stack Exit status 1
14 verbose stack     at EventEmitter.<anonymous> (/usr/local/lib/node_modules/npm/lib/utils/lifecycle.js:232:16)
14 verbose stack     at emitTwo (events.js:87:13)
14 verbose stack     at EventEmitter.emit (events.js:172:7)
14 verbose stack     at ChildProcess.<anonymous> (/usr/local/lib/node_modules/npm/lib/utils/spawn.js:24:14)
14 verbose stack     at emitTwo (events.js:87:13)
14 verbose stack     at ChildProcess.emit (events.js:172:7)
14 verbose stack     at maybeClose (internal/child_process.js:821:16)
14 verbose stack     at Process.ChildProcess._handle.onexit (internal/child_process.js:211:5)
15 verbose pkgid elm-webpack-starter@0.4.1
16 verbose cwd /Users/nachogutierrez/Projects/front-vientus
17 error Darwin 15.4.0
18 error argv "/usr/local/Cellar/node/5.4.0/bin/node" "/usr/local/bin/npm" "run" "start"
19 error node v5.4.0
20 error npm  v3.3.12
21 error code ELIFECYCLE
22 error elm-webpack-starter@0.4.1 start: `webpack-dev-server --hot --inline --content-base src/`
22 error Exit status 1
23 error Failed at the elm-webpack-starter@0.4.1 start script 'webpack-dev-server --hot --inline --content-base src/'.
23 error Make sure you have the latest version of node.js and npm installed.
23 error If you do, this is most likely a problem with the elm-webpack-starter package,
23 error not with npm itself.
23 error Tell the author that this fails on your system:
23 error     webpack-dev-server --hot --inline --content-base src/
23 error You can get their info via:
23 error     npm owner ls elm-webpack-starter
23 error There is likely additional logging output above.
24 verbose exit [ 1, true ]
